[ 2023-03-20 21:04:31,371 ] 23 root - INFO - Entered the data ingestion method or component
[ 2023-03-20 21:04:32,818 ] 26 root - INFO - Read the dataset as dataframe
[ 2023-03-20 21:04:32,882 ] 33 root - INFO - Train test split initiated
[ 2023-03-20 21:04:32,947 ] 43 root - INFO - Inmgestion of the data iss completed
[ 2023-03-20 21:04:32,948 ] 27 root - INFO - Entered the data cleaning method or component
[ 2023-03-20 21:04:32,973 ] 32 root - INFO - Read the dataset as dataframe
[ 2023-03-20 21:04:32,985 ] 39 root - INFO - processingthe training dataset as dataframe
[ 2023-03-20 21:04:33,373 ] 80 root - INFO - processingthe test dataset as dataframe
[ 2023-03-20 21:04:33,374 ] 94 root - INFO - ended the loop
[ 2023-03-20 21:04:33,386 ] 109 root - INFO - ended he loop
[ 2023-03-20 21:04:33,386 ] 111 root - INFO - returning done
[ 2023-03-20 21:04:33,386 ] 114 root - INFO - directory created
[ 2023-03-20 21:04:33,431 ] 118 root - INFO - df1 saved
[ 2023-03-20 21:04:33,442 ] 120 root - INFO - df2 saved
[ 2023-03-20 21:04:33,442 ] 122 root - INFO - Train test data cleaned
[ 2023-03-20 21:04:33,460 ] 87 root - INFO - Read train and test data completed
[ 2023-03-20 21:04:33,460 ] 89 root - INFO - Obtaining preprocessing object
[ 2023-03-20 21:04:33,461 ] 59 root - INFO - Categorical columns: ['Airline', 'Source', 'Destination', 'Total_Stops']
[ 2023-03-20 21:04:33,461 ] 60 root - INFO - Numerical columns: ['Journey_day', 'Journey_month', 'Journey_year', 'hours', 'minutes', 'Arrival_hour', 'Arrival_min', 'duration-mins', 'duration-hours']
[ 2023-03-20 21:04:33,461 ] 72 root - INFO - Train test split initiated
[ 2023-03-20 21:04:33,463 ] 99 root - INFO - Applying preprocessing object on training dataframe and testing dataframe.
[ 2023-03-20 21:04:33,509 ] 105 root - INFO - Saved preprocessing object.
[ 2023-03-20 21:04:33,534 ] 87 root - INFO - Read train and test data completed
[ 2023-03-20 21:04:33,535 ] 89 root - INFO - Obtaining preprocessing object
[ 2023-03-20 21:04:33,535 ] 59 root - INFO - Categorical columns: ['Airline', 'Source', 'Destination', 'Total_Stops']
[ 2023-03-20 21:04:33,535 ] 60 root - INFO - Numerical columns: ['Journey_day', 'Journey_month', 'Journey_year', 'hours', 'minutes', 'Arrival_hour', 'Arrival_min', 'duration-mins', 'duration-hours']
[ 2023-03-20 21:04:33,535 ] 72 root - INFO - Train test split initiated
[ 2023-03-20 21:04:33,537 ] 99 root - INFO - Applying preprocessing object on training dataframe and testing dataframe.
[ 2023-03-20 21:04:33,580 ] 105 root - INFO - Saved preprocessing object.
