[ 2023-03-20 21:04:55,983 ] 23 root - INFO - Entered the data ingestion method or component
[ 2023-03-20 21:04:57,529 ] 26 root - INFO - Read the dataset as dataframe
[ 2023-03-20 21:04:57,592 ] 33 root - INFO - Train test split initiated
[ 2023-03-20 21:04:57,657 ] 43 root - INFO - Inmgestion of the data iss completed
[ 2023-03-20 21:04:57,658 ] 27 root - INFO - Entered the data cleaning method or component
[ 2023-03-20 21:04:57,682 ] 32 root - INFO - Read the dataset as dataframe
[ 2023-03-20 21:04:57,695 ] 39 root - INFO - processingthe training dataset as dataframe
[ 2023-03-20 21:04:58,081 ] 80 root - INFO - processingthe test dataset as dataframe
[ 2023-03-20 21:04:58,083 ] 94 root - INFO - ended the loop
[ 2023-03-20 21:04:58,095 ] 109 root - INFO - ended he loop
[ 2023-03-20 21:04:58,095 ] 111 root - INFO - returning done
[ 2023-03-20 21:04:58,095 ] 114 root - INFO - directory created
[ 2023-03-20 21:04:58,139 ] 118 root - INFO - df1 saved
[ 2023-03-20 21:04:58,151 ] 120 root - INFO - df2 saved
[ 2023-03-20 21:04:58,151 ] 122 root - INFO - Train test data cleaned
[ 2023-03-20 21:04:58,172 ] 87 root - INFO - Read train and test data completed
[ 2023-03-20 21:04:58,172 ] 89 root - INFO - Obtaining preprocessing object
[ 2023-03-20 21:04:58,172 ] 59 root - INFO - Categorical columns: ['Airline', 'Source', 'Destination', 'Total_Stops']
[ 2023-03-20 21:04:58,172 ] 60 root - INFO - Numerical columns: ['Journey_day', 'Journey_month', 'Journey_year', 'hours', 'minutes', 'Arrival_hour', 'Arrival_min', 'duration-mins', 'duration-hours']
[ 2023-03-20 21:04:58,172 ] 72 root - INFO - Train test split initiated
[ 2023-03-20 21:04:58,174 ] 99 root - INFO - Applying preprocessing object on training dataframe and testing dataframe.
[ 2023-03-20 21:04:58,219 ] 105 root - INFO - Saved preprocessing object.
[ 2023-03-20 21:04:58,245 ] 87 root - INFO - Read train and test data completed
[ 2023-03-20 21:04:58,245 ] 89 root - INFO - Obtaining preprocessing object
[ 2023-03-20 21:04:58,245 ] 59 root - INFO - Categorical columns: ['Airline', 'Source', 'Destination', 'Total_Stops']
[ 2023-03-20 21:04:58,245 ] 60 root - INFO - Numerical columns: ['Journey_day', 'Journey_month', 'Journey_year', 'hours', 'minutes', 'Arrival_hour', 'Arrival_min', 'duration-mins', 'duration-hours']
[ 2023-03-20 21:04:58,245 ] 72 root - INFO - Train test split initiated
[ 2023-03-20 21:04:58,247 ] 99 root - INFO - Applying preprocessing object on training dataframe and testing dataframe.
[ 2023-03-20 21:04:58,299 ] 105 root - INFO - Saved preprocessing object.
